/*C3*/SET SCHEMA PUBLIC
CONNECT USER SA
SET AUTOCOMMIT FALSE
SET AUTOCOMMIT TRUE
SET AUTOCOMMIT FALSE
/*C4*/SET SCHEMA PUBLIC
CONNECT USER SA
SET AUTOCOMMIT FALSE
DISCONNECT
/*C3*/DELETE FROM RASTREIO WHERE ID=10
INSERT INTO RASTREIO VALUES(10,'SO953009876BR','2010-06-07',FALSE)
DELETE FROM SITUACAORASTREIO WHERE ID=77
DELETE FROM SITUACAORASTREIO WHERE ID=76
DELETE FROM SITUACAORASTREIO WHERE ID=75
INSERT INTO SITUACAORASTREIO VALUES(75,'Encaminhado','2009-08-25 16:28:00.000000000','Em tr\u00e2nsito para CEE JOAO PESSOA - JO\u00c3O PESSOA/PB','CEE UBERL\u00c2NDIA - UBERL\u00c2NDIA/MG',NULL)
INSERT INTO SITUACAORASTREIO VALUES(76,'Encaminhado','2009-08-25 14:47:00.000000000','Em tr\u00e2nsito para CTCE UBERLANDIA - UBERLANDIA/MG','ACF TABAJARAS                            - UBERLANDIA                    /MG',NULL)
INSERT INTO SITUACAORASTREIO VALUES(77,'Postado','2009-08-24 16:56:00.000000000',NULL,'ACF TABAJARAS                            - UBERLANDIA                    /MG',NULL)
DELETE FROM SITUACAORASTREIO WHERE ID=75
DELETE FROM SITUACAORASTREIO WHERE ID=76
DELETE FROM SITUACAORASTREIO WHERE ID=77
COMMIT
INSERT INTO SITUACAORASTREIO VALUES(78,'Encaminhado','2009-08-25 16:28:00.000000000','Em tr\u00e2nsito para CEE JOAO PESSOA - JO\u00c3O PESSOA/PB','CEE UBERL\u00c2NDIA - UBERL\u00c2NDIA/MG',10)
INSERT INTO SITUACAORASTREIO VALUES(79,'Encaminhado','2009-08-25 14:47:00.000000000','Em tr\u00e2nsito para CTCE UBERLANDIA - UBERLANDIA/MG','ACF TABAJARAS                            - UBERLANDIA                    /MG',10)
INSERT INTO SITUACAORASTREIO VALUES(80,'Postado','2009-08-24 16:56:00.000000000',NULL,'ACF TABAJARAS                            - UBERLANDIA                    /MG',10)
DELETE FROM RASTREIO WHERE ID=10
INSERT INTO RASTREIO VALUES(10,'SO953009876BR','2010-06-07',FALSE)
DELETE FROM SITUACAORASTREIO WHERE ID=78
INSERT INTO SITUACAORASTREIO VALUES(78,'Encaminhado','2009-08-25 16:28:00.000000000','Em tr\u00e2nsito para CEE JOAO PESSOA - JO\u00c3O PESSOA/PB','CEE UBERL\u00c2NDIA - UBERL\u00c2NDIA/MG',10)
DELETE FROM SITUACAORASTREIO WHERE ID=79
INSERT INTO SITUACAORASTREIO VALUES(79,'Encaminhado','2009-08-25 14:47:00.000000000','Em tr\u00e2nsito para CTCE UBERLANDIA - UBERLANDIA/MG','ACF TABAJARAS                            - UBERLANDIA                    /MG',10)
DELETE FROM SITUACAORASTREIO WHERE ID=80
INSERT INTO SITUACAORASTREIO VALUES(80,'Postado','2009-08-24 16:56:00.000000000',NULL,'ACF TABAJARAS                            - UBERLANDIA                    /MG',10)
COMMIT
DELETE FROM RASTREIO WHERE ID=10
INSERT INTO RASTREIO VALUES(10,'SO953009876BR','2010-06-07',FALSE)
DELETE FROM SITUACAORASTREIO WHERE ID=80
DELETE FROM SITUACAORASTREIO WHERE ID=79
DELETE FROM SITUACAORASTREIO WHERE ID=78
INSERT INTO SITUACAORASTREIO VALUES(78,'Encaminhado','2009-08-25 16:28:00.000000000','Em tr\u00e2nsito para CEE JOAO PESSOA - JO\u00c3O PESSOA/PB','CEE UBERL\u00c2NDIA - UBERL\u00c2NDIA/MG',NULL)
INSERT INTO SITUACAORASTREIO VALUES(79,'Encaminhado','2009-08-25 14:47:00.000000000','Em tr\u00e2nsito para CTCE UBERLANDIA - UBERLANDIA/MG','ACF TABAJARAS                            - UBERLANDIA                    /MG',NULL)
INSERT INTO SITUACAORASTREIO VALUES(80,'Postado','2009-08-24 16:56:00.000000000',NULL,'ACF TABAJARAS                            - UBERLANDIA                    /MG',NULL)
DELETE FROM SITUACAORASTREIO WHERE ID=78
DELETE FROM SITUACAORASTREIO WHERE ID=79
DELETE FROM SITUACAORASTREIO WHERE ID=80
COMMIT
INSERT INTO SITUACAORASTREIO VALUES(81,'Encaminhado','2009-08-25 16:28:00.000000000','Em tr\u00e2nsito para CEE JOAO PESSOA - JO\u00c3O PESSOA/PB','CEE UBERL\u00c2NDIA - UBERL\u00c2NDIA/MG',10)
INSERT INTO SITUACAORASTREIO VALUES(82,'Encaminhado','2009-08-25 14:47:00.000000000','Em tr\u00e2nsito para CTCE UBERLANDIA - UBERLANDIA/MG','ACF TABAJARAS                            - UBERLANDIA                    /MG',10)
INSERT INTO SITUACAORASTREIO VALUES(83,'Postado','2009-08-24 16:56:00.000000000',NULL,'ACF TABAJARAS                            - UBERLANDIA                    /MG',10)
DELETE FROM RASTREIO WHERE ID=10
INSERT INTO RASTREIO VALUES(10,'SO953009876BR','2010-06-07',FALSE)
DELETE FROM SITUACAORASTREIO WHERE ID=81
INSERT INTO SITUACAORASTREIO VALUES(81,'Encaminhado','2009-08-25 16:28:00.000000000','Em tr\u00e2nsito para CEE JOAO PESSOA - JO\u00c3O PESSOA/PB','CEE UBERL\u00c2NDIA - UBERL\u00c2NDIA/MG',10)
DELETE FROM SITUACAORASTREIO WHERE ID=82
INSERT INTO SITUACAORASTREIO VALUES(82,'Encaminhado','2009-08-25 14:47:00.000000000','Em tr\u00e2nsito para CTCE UBERLANDIA - UBERLANDIA/MG','ACF TABAJARAS                            - UBERLANDIA                    /MG',10)
DELETE FROM SITUACAORASTREIO WHERE ID=83
INSERT INTO SITUACAORASTREIO VALUES(83,'Postado','2009-08-24 16:56:00.000000000',NULL,'ACF TABAJARAS                            - UBERLANDIA                    /MG',10)
COMMIT
